## SLURM PROLOG ###############################################################
##    Job ID : 14753742
##  Job Name : TinyAI
##  Nodelist : gpu1401
##      CPUs : 1
##  Mem/Node : 32000 MB
## Directory : /oscar/home/bpeckham/TinyAI
##   Job Started : Tue Dec  9 02:47:11 PM EST 2025
###############################################################################

==========================================
Job started at: Tue Dec  9 02:47:11 PM EST 2025
Job ID: 14753742
Node: gpu1401
==========================================

GPU Information:
Tue Dec  9 14:47:15 2025       
+---------------------------------------------------------------------------------------+
| NVIDIA-SMI 535.129.03             Driver Version: 535.129.03   CUDA Version: 12.2     |
|-----------------------------------------+----------------------+----------------------+
| GPU  Name                 Persistence-M | Bus-Id        Disp.A | Volatile Uncorr. ECC |
| Fan  Temp   Perf          Pwr:Usage/Cap |         Memory-Usage | GPU-Util  Compute M. |
|                                         |                      |               MIG M. |
|=========================================+======================+======================|
|   0  NVIDIA TITAN RTX               On  | 00000000:61:00.0 Off |                  N/A |
| 41%   31C    P8              15W / 280W |      7MiB / 24576MiB |      0%      Default |
|                                         |                      |                  N/A |
+-----------------------------------------+----------------------+----------------------+
                                                                                         
+---------------------------------------------------------------------------------------+
| Processes:                                                                            |
|  GPU   GI   CI        PID   Type   Process name                            GPU Memory |
|        ID   ID                                                             Usage      |
|=======================================================================================|
|    0   N/A  N/A     30276      G   /usr/libexec/Xorg                             5MiB |
+---------------------------------------------------------------------------------------+

TensorFlow GPU Detection:

==========================================
Starting main Python script at Tue Dec  9 02:47:15 PM EST 2025
==========================================

Configuration:
  d_model: 256
  num_layers: 2
  num_heads: 4
  ff_dim: 512
  deep_rec_cycles: 3
  num_l_steps: 6
  epochs: 20
  batch_size: 32
  learning_rate: 1e-4
  max_seq_length: 256

To monitor training with WandB:
  1. First, log in to WandB (one time only):
     python wandb_login.py
  2. Then view metrics at: https://wandb.ai
  (No port forwarding needed - metrics upload automatically!)


==========================================
Python script finished at Tue Dec  9 02:47:15 PM EST 2025
Exit code: 1
==========================================
