## SLURM PROLOG ###############################################################
##    Job ID : 14796381
##  Job Name : TinyAI
##  Nodelist : gpu1403
##      CPUs : 1
##  Mem/Node : 64000 MB
## Directory : /oscar/home/bpeckham/TinyAI
##   Job Started : Thu Dec 11 02:30:36 AM EST 2025
###############################################################################

==========================================
Job started at: Thu Dec 11 02:30:36 AM EST 2025
Job ID: 14796381
Node: gpu1403
==========================================

Python location: /users/bpeckham/.conda/envs/tinyai/bin/python
Python version: Python 3.10.19
Conda environment: tinyai
Installing/verifying required packages...
TensorFlow 2.15.0 and NumPy 1.26.4 imported successfully
GPU Information:
Thu Dec 11 02:31:01 2025       
+---------------------------------------------------------------------------------------+
| NVIDIA-SMI 535.129.03             Driver Version: 535.129.03   CUDA Version: 12.2     |
|-----------------------------------------+----------------------+----------------------+
| GPU  Name                 Persistence-M | Bus-Id        Disp.A | Volatile Uncorr. ECC |
| Fan  Temp   Perf          Pwr:Usage/Cap |         Memory-Usage | GPU-Util  Compute M. |
|                                         |                      |               MIG M. |
|=========================================+======================+======================|
|   0  NVIDIA TITAN RTX               On  | 00000000:45:00.0 Off |                  N/A |
| 41%   33C    P8              17W / 280W |      7MiB / 24576MiB |      0%      Default |
|                                         |                      |                  N/A |
+-----------------------------------------+----------------------+----------------------+
                                                                                         
+---------------------------------------------------------------------------------------+
| Processes:                                                                            |
|  GPU   GI   CI        PID   Type   Process name                            GPU Memory |
|        ID   ID                                                             Usage      |
|=======================================================================================|
|    0   N/A  N/A     30398      G   /usr/libexec/Xorg                             5MiB |
+---------------------------------------------------------------------------------------+

TensorFlow GPU Detection:
TF version: 2.15.0
Built with CUDA: True
GPUs detected: 0
GPU devices: []

==========================================
Starting main Python script at Thu Dec 11 02:31:05 AM EST 2025
==========================================

Configuration:
  d_model: 32
  num_layers: 1
  num_heads: 2
  ff_dim: 32
  deep_rec_cycles: 2
  num_l_steps: 3
  epochs: 30
  batch_size: 8
  learning_rate: 1e-4
  max_seq_length: 128

To monitor training with WandB:
  1. First, log in to WandB (one time only):
     python wandb_login.py
  2. Then view metrics at: https://wandb.ai
  (No port forwarding needed - metrics upload automatically!)


============================================================
TinyAI TRAINING SCRIPT
============================================================

Configuration:
  Data path: /oscar/home/bpeckham/TinyAI/preprocessing/data/final_train_data.txt
  Vocab path: /oscar/home/bpeckham/TinyAI/preprocessing/data/vocab.json
  Max sequence length: 128
  Model dimension: 32
  Layers: 1
  Heads: 2
  FF dim: 32
  Dropout: 0.1
  Deep recursion cycles: 2
  Inner iterations: 3
  Deep supervision steps: 2
  Batch size: 8
  Epochs: 30
  Learning rate: 0.0001
============================================================

Loading tokenizer...
Loaded vocabulary with 13678 tokens
  PAD=0, UNK=1, BOS=32, EOS=2
Loading data...
Loaded 7473 samples
Train: 5979, Val: 747, Test: 747

############################################################
# RECURSIVE TRANSFORMER (TRM-Inspired)
############################################################

Recursive Model Parameters: 899,855

============================================================
TRAINING RECURSIVE TRANSFORMER (TRM-Inspired)
============================================================
  Deep recursion cycles (T): 2
  Inner iterations (n): 3
  Deep supervision steps: 2
  ACT loss weight: 0.1
  Halt exploration prob: 0.1
  Max halt steps: 16
============================================================


Epoch 1/30
----------------------------------------
  Batch 50: Loss=9.4408, Acc=0.0219
  Batch 100: Loss=9.2310, Acc=0.0387
  Batch 150: Loss=8.9494, Acc=0.0467
  Batch 200: Loss=8.6971, Acc=0.0408
  Batch 250: Loss=8.4346, Acc=0.0507
  Batch 300: Loss=8.2415, Acc=0.0271
  Batch 350: Loss=8.0001, Acc=0.0372
  Batch 400: Loss=7.8804, Acc=0.0303
  Batch 450: Loss=7.5590, Acc=0.0249
  Batch 500: Loss=7.3872, Acc=0.0348
  Batch 550: Loss=7.0903, Acc=0.0326
  Batch 600: Loss=7.0913, Acc=0.0355
  Batch 650: Loss=6.8729, Acc=0.0343
  Batch 700: Loss=6.5401, Acc=0.0395

  Train Loss: 7.9634, Train Acc: 0.0355
  Val Loss: 6.5904, Val Acc: 0.0359
  ✓ Saved best model (val_loss=6.5904)

Epoch 2/30
----------------------------------------
  Batch 50: Loss=6.4138, Acc=0.0367
  Batch 100: Loss=6.3796, Acc=0.0355
  Batch 150: Loss=6.1024, Acc=0.0388
  Batch 200: Loss=6.3249, Acc=0.0319
  Batch 250: Loss=6.1875, Acc=0.0354
  Batch 300: Loss=6.0080, Acc=0.0376
  Batch 350: Loss=6.2564, Acc=0.0338
  Batch 400: Loss=6.1171, Acc=0.0361
  Batch 450: Loss=5.9333, Acc=0.0387
  Batch 500: Loss=6.1314, Acc=0.0314
  Batch 550: Loss=6.0101, Acc=0.0315
  Batch 600: Loss=5.8609, Acc=0.0388
  Batch 650: Loss=5.8579, Acc=0.0611
  Batch 700: Loss=5.9127, Acc=0.0498

  Train Loss: 6.1294, Train Acc: 0.0379
  Val Loss: 6.0859, Val Acc: 0.0543
  ✓ Saved best model (val_loss=6.0859)

Epoch 3/30
----------------------------------------
  Batch 50: Loss=5.6416, Acc=0.0011
