## SLURM PROLOG ###############################################################
##    Job ID : 14797000
##  Job Name : TinyAI
##  Nodelist : gpu1402
##      CPUs : 1
##  Mem/Node : 64000 MB
## Directory : /oscar/home/bpeckham/TinyAI
##   Job Started : Thu Dec 11 05:28:47 AM EST 2025
###############################################################################

==========================================
Job started at: Thu Dec 11 05:28:47 AM EST 2025
Job ID: 14797000
Node: gpu1402
==========================================

Python location: /users/bpeckham/.conda/envs/tinyai/bin/python
Python version: Python 3.10.19
Conda environment: tinyai
Installing/verifying required packages...
TensorFlow 2.15.0 and NumPy 1.26.4 imported successfully
GPU Information:
Thu Dec 11 05:28:58 2025       
+---------------------------------------------------------------------------------------+
| NVIDIA-SMI 535.129.03             Driver Version: 535.129.03   CUDA Version: 12.2     |
|-----------------------------------------+----------------------+----------------------+
| GPU  Name                 Persistence-M | Bus-Id        Disp.A | Volatile Uncorr. ECC |
| Fan  Temp   Perf          Pwr:Usage/Cap |         Memory-Usage | GPU-Util  Compute M. |
|                                         |                      |               MIG M. |
|=========================================+======================+======================|
|   0  NVIDIA TITAN RTX               On  | 00000000:3D:00.0 Off |                  N/A |
| 41%   39C    P8              29W / 280W |     30MiB / 24576MiB |      0%      Default |
|                                         |                      |                  N/A |
+-----------------------------------------+----------------------+----------------------+
                                                                                         
+---------------------------------------------------------------------------------------+
| Processes:                                                                            |
|  GPU   GI   CI        PID   Type   Process name                            GPU Memory |
|        ID   ID                                                             Usage      |
|=======================================================================================|
|    0   N/A  N/A     29134      G   /usr/libexec/Xorg                            27MiB |
+---------------------------------------------------------------------------------------+

TensorFlow GPU Detection:
TF version: 2.15.0
Built with CUDA: True
GPUs detected: 0
GPU devices: []

==========================================
Starting main Python script at Thu Dec 11 05:29:02 AM EST 2025
==========================================

Configuration:
  d_model: 16
  num_layers: 1
  num_heads: 2
  ff_dim: 16
  deep_rec_cycles: 2
  num_l_steps: 5
  epochs: 20
  batch_size: 8
  learning_rate: 1e-3
  max_seq_length: 128

To monitor training with WandB:
  1. First, log in to WandB (one time only):
     python wandb_login.py
  2. Then view metrics at: https://wandb.ai
  (No port forwarding needed - metrics upload automatically!)


============================================================
TinyAI TRAINING SCRIPT
============================================================

Configuration:
  Data path: /oscar/home/bpeckham/TinyAI/preprocessing/data/final_train_data.txt
  Vocab path: /oscar/home/bpeckham/TinyAI/preprocessing/data/vocab.json
  Max sequence length: 128
  Model dimension: 16
  Layers: 1
  Heads: 2
  FF dim: 16
  Dropout: 0.1
  Deep recursion cycles: 2
  Inner iterations: 5
  Deep supervision steps: 2
  Batch size: 8
  Epochs: 20
  Learning rate: 0.001
============================================================

Loading tokenizer...
Loaded vocabulary with 13678 tokens
  PAD=0, UNK=1, BOS=32, EOS=2
Loading data...
Loaded 7473 samples
Train: 5979, Val: 747, Test: 747

############################################################
# RECURSIVE TRANSFORMER (TRM-Inspired)
############################################################

Recursive Model Parameters: 456,847

============================================================
TRAINING RECURSIVE TRANSFORMER (TRM-Inspired)
============================================================
  Deep recursion cycles (T): 2
  Inner iterations (n): 5
  Deep supervision steps: 2
  ACT loss weight: 0.1
  Halt exploration prob: 0.1
  Max halt steps: 16
============================================================


Epoch 1/20
----------------------------------------
  Batch 50: Loss=8.3874, Acc=0.0341
  Batch 100: Loss=7.0324, Acc=0.0361
  Batch 150: Loss=6.1185, Acc=0.0357
  Batch 200: Loss=6.0481, Acc=0.0463
  Batch 250: Loss=6.2784, Acc=0.0280
  Batch 300: Loss=5.9001, Acc=0.0041
  Batch 350: Loss=5.9213, Acc=0.0030
  Batch 400: Loss=5.5641, Acc=0.0508
  Batch 450: Loss=5.1680, Acc=0.1178
  Batch 500: Loss=5.2678, Acc=0.1668
  Batch 550: Loss=5.4605, Acc=0.1762
  Batch 600: Loss=5.1231, Acc=0.1884
  Batch 650: Loss=5.1009, Acc=0.2238
  Batch 700: Loss=4.4947, Acc=0.2536

  Train Loss: 5.9849, Train Acc: 0.0988
  Val Loss: 4.8827, Val Acc: 0.2256
  ✓ Saved best model (val_loss=4.8827)

Epoch 2/20
----------------------------------------
  Batch 50: Loss=4.8994, Acc=0.2416
  Batch 100: Loss=4.8572, Acc=0.2443
  Batch 150: Loss=4.7643, Acc=0.2296
  Batch 200: Loss=4.1982, Acc=0.2411
  Batch 250: Loss=4.6579, Acc=0.2643
  Batch 300: Loss=4.6064, Acc=0.2407
  Batch 350: Loss=4.6258, Acc=0.2333
  Batch 400: Loss=4.3111, Acc=0.2537
  Batch 450: Loss=4.3555, Acc=0.2469
  Batch 500: Loss=4.2582, Acc=0.2934
  Batch 550: Loss=4.6428, Acc=0.2289
  Batch 600: Loss=4.2603, Acc=0.2402
