## SLURM PROLOG ###############################################################
##    Job ID : 14790569
##  Job Name : TinyAI
##  Nodelist : gpu2006
##      CPUs : 1
##  Mem/Node : 64000 MB
## Directory : /oscar/home/bpeckham/TinyAI
##   Job Started : Wed Dec 10 05:47:30 PM EST 2025
###############################################################################

==========================================
Job started at: Wed Dec 10 05:47:30 PM EST 2025
Job ID: 14790569
Node: gpu2006
==========================================

Python location: /users/bpeckham/.conda/envs/tinyai/bin/python
Python version: Python 3.10.19
Conda environment: tinyai
Installing/verifying required packages...
TensorFlow 2.15.0 and NumPy 1.26.4 imported successfully
GPU Information:
Wed Dec 10 17:47:39 2025       
+---------------------------------------------------------------------------------------+
| NVIDIA-SMI 535.129.03             Driver Version: 535.129.03   CUDA Version: 12.2     |
|-----------------------------------------+----------------------+----------------------+
| GPU  Name                 Persistence-M | Bus-Id        Disp.A | Volatile Uncorr. ECC |
| Fan  Temp   Perf          Pwr:Usage/Cap |         Memory-Usage | GPU-Util  Compute M. |
|                                         |                      |               MIG M. |
|=========================================+======================+======================|
|   0  Quadro RTX 6000                On  | 00000000:3E:00.0 Off |                  Off |
| 33%   29C    P8               8W / 260W |     26MiB / 24576MiB |      0%      Default |
|                                         |                      |                  N/A |
+-----------------------------------------+----------------------+----------------------+
                                                                                         
+---------------------------------------------------------------------------------------+
| Processes:                                                                            |
|  GPU   GI   CI        PID   Type   Process name                            GPU Memory |
|        ID   ID                                                             Usage      |
|=======================================================================================|
|    0   N/A  N/A     30575      G   /usr/libexec/Xorg                            24MiB |
+---------------------------------------------------------------------------------------+

TensorFlow GPU Detection:
TF version: 2.15.0
Built with CUDA: True
GPUs detected: 0
GPU devices: []

==========================================
Starting main Python script at Wed Dec 10 05:47:43 PM EST 2025
==========================================

Configuration:
  d_model: 32
  num_layers: 1
  num_heads: 2
  ff_dim: 32
  deep_rec_cycles: 1
  num_l_steps: 2
  epochs: 20
  batch_size: 8
  learning_rate: 1e-4
  max_seq_length: 128

To monitor training with WandB:
  1. First, log in to WandB (one time only):
     python wandb_login.py
  2. Then view metrics at: https://wandb.ai
  (No port forwarding needed - metrics upload automatically!)


============================================================
TinyAI TRAINING SCRIPT
============================================================

Configuration:
  Data path: /oscar/home/bpeckham/TinyAI/preprocessing/data/final_train_data.txt
  Vocab path: /oscar/home/bpeckham/TinyAI/preprocessing/data/vocab.json
  Max sequence length: 128
  Model dimension: 32
  Layers: 1
  Heads: 2
  FF dim: 32
  Dropout: 0.1
  Deep recursion cycles: 1
  Inner iterations: 2
  Deep supervision steps: 2
  Batch size: 8
  Epochs: 20
  Learning rate: 0.0001
============================================================

Loading tokenizer...
Loaded vocabulary with 7173 tokens
  PAD=0, UNK=1, BOS=18, EOS=2
Loading data...
Loaded 14180 samples
Train: 11344, Val: 1418, Test: 1418

############################################################
# RECURSIVE TRANSFORMER (TRM-Inspired)
############################################################

Recursive Model Parameters: 477,030

============================================================
TRAINING RECURSIVE TRANSFORMER (TRM-Inspired)
============================================================
  Deep recursion cycles (T): 1
  Inner iterations (n): 2
  Deep supervision steps: 2
  ACT loss weight: 0.1
  Halt exploration prob: 0.1
  Max halt steps: 16
============================================================


Epoch 1/20
----------------------------------------
  Batch 50: Loss=8.7534, Acc=0.0094
  Batch 100: Loss=8.4545, Acc=0.0120
  Batch 150: Loss=8.2162, Acc=0.0026
