## SLURM PROLOG ###############################################################
##    Job ID : 14795248
##  Job Name : TinyAI
##  Nodelist : gpu2004
##      CPUs : 1
##  Mem/Node : 64000 MB
## Directory : /oscar/home/bpeckham/TinyAI
##   Job Started : Thu Dec 11 12:11:21 AM EST 2025
###############################################################################

==========================================
Job started at: Thu Dec 11 12:11:21 AM EST 2025
Job ID: 14795248
Node: gpu2004
==========================================

Python location: /users/bpeckham/.conda/envs/tinyai/bin/python
Python version: Python 3.10.19
Conda environment: tinyai
Installing/verifying required packages...
TensorFlow 2.15.0 and NumPy 1.26.4 imported successfully
GPU Information:
Thu Dec 11 00:11:49 2025       
+---------------------------------------------------------------------------------------+
| NVIDIA-SMI 535.129.03             Driver Version: 535.129.03   CUDA Version: 12.2     |
|-----------------------------------------+----------------------+----------------------+
| GPU  Name                 Persistence-M | Bus-Id        Disp.A | Volatile Uncorr. ECC |
| Fan  Temp   Perf          Pwr:Usage/Cap |         Memory-Usage | GPU-Util  Compute M. |
|                                         |                      |               MIG M. |
|=========================================+======================+======================|
|   0  Quadro RTX 6000                On  | 00000000:40:00.0 Off |                  Off |
| 33%   27C    P8              15W / 260W |     24MiB / 24576MiB |      0%      Default |
|                                         |                      |                  N/A |
+-----------------------------------------+----------------------+----------------------+
                                                                                         
+---------------------------------------------------------------------------------------+
| Processes:                                                                            |
|  GPU   GI   CI        PID   Type   Process name                            GPU Memory |
|        ID   ID                                                             Usage      |
|=======================================================================================|
|    0   N/A  N/A     30537      G   /usr/libexec/Xorg                            22MiB |
+---------------------------------------------------------------------------------------+

TensorFlow GPU Detection:
TF version: 2.15.0
Built with CUDA: True
GPUs detected: 0
GPU devices: []

==========================================
Starting main Python script at Thu Dec 11 12:11:53 AM EST 2025
==========================================

Configuration:
  d_model: 32
  num_layers: 1
  num_heads: 2
  ff_dim: 32
  deep_rec_cycles: 2
  num_l_steps: 3
  epochs: 30
  batch_size: 8
  learning_rate: 1e-4
  max_seq_length: 128

To monitor training with WandB:
  1. First, log in to WandB (one time only):
     python wandb_login.py
  2. Then view metrics at: https://wandb.ai
  (No port forwarding needed - metrics upload automatically!)


============================================================
TinyAI TRAINING SCRIPT
============================================================

Configuration:
  Data path: /oscar/home/bpeckham/TinyAI/preprocessing/data/final_train_data.txt
  Vocab path: /oscar/home/bpeckham/TinyAI/preprocessing/data/vocab.json
  Max sequence length: 128
  Model dimension: 32
  Layers: 1
  Heads: 2
  FF dim: 32
  Dropout: 0.1
  Deep recursion cycles: 2
  Inner iterations: 3
  Deep supervision steps: 2
  Batch size: 8
  Epochs: 30
  Learning rate: 0.0001
============================================================

Loading tokenizer...
Loaded vocabulary with 7173 tokens
  PAD=0, UNK=1, BOS=18, EOS=2
Loading data...
Loaded 14180 samples
Train: 11344, Val: 1418, Test: 1418

############################################################
# CONTROL TRANSFORMER
############################################################

Control Model Parameters: 476,933

============================================================
TRAINING CONTROL TRANSFORMER (Single-Pass Baseline)
============================================================


Epoch 1/30
----------------------------------------
  Batch 50: Loss=8.7951, Acc=0.0073
  Batch 100: Loss=8.6108, Acc=0.0770
  Batch 150: Loss=8.3483, Acc=0.0738
  Batch 200: Loss=8.0851, Acc=0.0474
  Batch 250: Loss=7.8133, Acc=0.0769
  Batch 300: Loss=7.5667, Acc=0.0326
  Batch 350: Loss=7.2894, Acc=0.0412
  Batch 400: Loss=7.0748, Acc=0.0465
  Batch 450: Loss=7.0195, Acc=0.0404
  Batch 500: Loss=6.8364, Acc=0.0636
  Batch 550: Loss=6.6104, Acc=0.0403
  Batch 600: Loss=6.5751, Acc=0.0358
  Batch 650: Loss=6.3243, Acc=0.0497
  Batch 700: Loss=6.4542, Acc=0.0314
  Batch 750: Loss=6.2480, Acc=0.0568
  Batch 800: Loss=6.2360, Acc=0.0540
  Batch 850: Loss=6.2647, Acc=0.0442
  Batch 900: Loss=6.0198, Acc=0.0377
  Batch 950: Loss=6.0189, Acc=0.0447
  Batch 1000: Loss=6.1303, Acc=0.0493
  Batch 1050: Loss=5.9851, Acc=0.0569
  Batch 1100: Loss=6.0132, Acc=0.0688
  Batch 1150: Loss=5.6767, Acc=0.0518
  Batch 1200: Loss=5.9043, Acc=0.0670
  Batch 1250: Loss=6.0526, Acc=0.0785
  Batch 1300: Loss=5.6736, Acc=0.0614
  Batch 1350: Loss=5.7928, Acc=0.0934
  Batch 1400: Loss=5.7038, Acc=0.1047

  Train Loss: 6.7543, Train Acc: 0.0531
  Val Loss: 5.8001, Val Acc: 0.0894
  ✓ Saved best model (val_loss=5.8001)

Epoch 2/30
----------------------------------------
  Batch 50: Loss=5.8265, Acc=0.0946
  Batch 100: Loss=5.7316, Acc=0.1299
  Batch 150: Loss=5.6802, Acc=0.1163
  Batch 200: Loss=5.5863, Acc=0.1471
  Batch 250: Loss=5.4488, Acc=0.1585
  Batch 300: Loss=5.6290, Acc=0.1427
  Batch 350: Loss=5.6118, Acc=0.1432
