## SLURM PROLOG ###############################################################
##    Job ID : 14796674
##  Job Name : TinyAI
##  Nodelist : gpu2004
##      CPUs : 1
##  Mem/Node : 64000 MB
## Directory : /oscar/home/bpeckham/TinyAI
##   Job Started : Thu Dec 11 03:33:10 AM EST 2025
###############################################################################

==========================================
Job started at: Thu Dec 11 03:33:10 AM EST 2025
Job ID: 14796674
Node: gpu2004
==========================================

Python location: /users/bpeckham/.conda/envs/tinyai/bin/python
Python version: Python 3.10.19
Conda environment: tinyai
Installing/verifying required packages...
TensorFlow 2.15.0 and NumPy 1.26.4 imported successfully
GPU Information:
Thu Dec 11 03:33:22 2025       
+---------------------------------------------------------------------------------------+
| NVIDIA-SMI 535.129.03             Driver Version: 535.129.03   CUDA Version: 12.2     |
|-----------------------------------------+----------------------+----------------------+
| GPU  Name                 Persistence-M | Bus-Id        Disp.A | Volatile Uncorr. ECC |
| Fan  Temp   Perf          Pwr:Usage/Cap |         Memory-Usage | GPU-Util  Compute M. |
|                                         |                      |               MIG M. |
|=========================================+======================+======================|
|   0  Quadro RTX 6000                On  | 00000000:40:00.0 Off |                  Off |
| 33%   26C    P8              15W / 260W |     24MiB / 24576MiB |      0%      Default |
|                                         |                      |                  N/A |
+-----------------------------------------+----------------------+----------------------+
                                                                                         
+---------------------------------------------------------------------------------------+
| Processes:                                                                            |
|  GPU   GI   CI        PID   Type   Process name                            GPU Memory |
|        ID   ID                                                             Usage      |
|=======================================================================================|
|    0   N/A  N/A     30537      G   /usr/libexec/Xorg                            22MiB |
+---------------------------------------------------------------------------------------+

TensorFlow GPU Detection:
TF version: 2.15.0
Built with CUDA: True
GPUs detected: 0
GPU devices: []

==========================================
Starting main Python script at Thu Dec 11 03:33:26 AM EST 2025
==========================================

Configuration:
  d_model: 32
  num_layers: 1
  num_heads: 2
  ff_dim: 32
  deep_rec_cycles: 2
  num_l_steps: 3
  epochs: 30
  batch_size: 8
  learning_rate: 5e-5
  max_seq_length: 128

To monitor training with WandB:
  1. First, log in to WandB (one time only):
     python wandb_login.py
  2. Then view metrics at: https://wandb.ai
  (No port forwarding needed - metrics upload automatically!)


============================================================
TinyAI TRAINING SCRIPT
============================================================

Configuration:
  Data path: /oscar/home/bpeckham/TinyAI/preprocessing/data/final_train_data.txt
  Vocab path: /oscar/home/bpeckham/TinyAI/preprocessing/data/vocab.json
  Max sequence length: 128
  Model dimension: 32
  Layers: 1
  Heads: 2
  FF dim: 32
  Dropout: 0.1
  Deep recursion cycles: 2
  Inner iterations: 3
  Deep supervision steps: 2
  Batch size: 8
  Epochs: 30
  Learning rate: 5e-05
============================================================

Loading tokenizer...
Loaded vocabulary with 13678 tokens
  PAD=0, UNK=1, BOS=32, EOS=2
Loading data...
Loaded 7473 samples
Train: 5979, Val: 747, Test: 747

############################################################
# RECURSIVE TRANSFORMER (TRM-Inspired)
############################################################

Recursive Model Parameters: 899,855

============================================================
TRAINING RECURSIVE TRANSFORMER (TRM-Inspired)
============================================================
  Deep recursion cycles (T): 2
  Inner iterations (n): 3
  Deep supervision steps: 2
  ACT loss weight: 0.1
  Halt exploration prob: 0.1
  Max halt steps: 16
============================================================


Epoch 1/30
----------------------------------------
  Batch 50: Loss=9.5323, Acc=0.0000
  Batch 100: Loss=9.4417, Acc=0.0110
  Batch 150: Loss=9.3374, Acc=0.0257
  Batch 200: Loss=9.2250, Acc=0.0176
  Batch 250: Loss=9.0930, Acc=0.0153
  Batch 300: Loss=8.9242, Acc=0.0084
  Batch 350: Loss=8.8456, Acc=0.0177
  Batch 400: Loss=8.7203, Acc=0.0150
  Batch 450: Loss=8.5449, Acc=0.0104
  Batch 500: Loss=8.4643, Acc=0.0174
  Batch 550: Loss=8.3608, Acc=0.0245
  Batch 600: Loss=8.2396, Acc=0.0193
  Batch 650: Loss=8.1253, Acc=0.0173
