## SLURM PROLOG ###############################################################
##    Job ID : 14770460
##  Job Name : TinyAI
##  Nodelist : gpu2005
##      CPUs : 1
##  Mem/Node : 32000 MB
## Directory : /oscar/home/bpeckham/TinyAI
##   Job Started : Wed Dec 10 10:07:37 AM EST 2025
###############################################################################

==========================================
Job started at: Wed Dec 10 10:07:37 AM EST 2025
Job ID: 14770460
Node: gpu2005
==========================================

Python location: /users/bpeckham/.conda/envs/tinyai/bin/python
Python version: Python 3.10.19
Conda environment: tinyai
Installing/verifying required packages...
TensorFlow 2.15.0 and NumPy 1.26.4 imported successfully
GPU Information:
Wed Dec 10 10:08:04 2025       
+---------------------------------------------------------------------------------------+
| NVIDIA-SMI 535.129.03             Driver Version: 535.129.03   CUDA Version: 12.2     |
|-----------------------------------------+----------------------+----------------------+
| GPU  Name                 Persistence-M | Bus-Id        Disp.A | Volatile Uncorr. ECC |
| Fan  Temp   Perf          Pwr:Usage/Cap |         Memory-Usage | GPU-Util  Compute M. |
|                                         |                      |               MIG M. |
|=========================================+======================+======================|
|   0  Quadro RTX 6000                On  | 00000000:61:00.0 Off |                  Off |
| 33%   28C    P8              10W / 260W |     10MiB / 24576MiB |      0%      Default |
|                                         |                      |                  N/A |
+-----------------------------------------+----------------------+----------------------+
                                                                                         
+---------------------------------------------------------------------------------------+
| Processes:                                                                            |
|  GPU   GI   CI        PID   Type   Process name                            GPU Memory |
|        ID   ID                                                             Usage      |
|=======================================================================================|
|    0   N/A  N/A     30530      G   /usr/libexec/Xorg                             8MiB |
+---------------------------------------------------------------------------------------+

TensorFlow GPU Detection:
